<?xml version="1.0" encoding="UTF-8"?>
<testng-results skipped="0" failed="0" total="2" passed="2">
  <reporter-output>
  </reporter-output>
  <suite name="Default Suite" duration-ms="10069" started-at="2019-10-22T15:12:56Z" finished-at="2019-10-22T15:13:06Z">
    <groups>
    </groups>
    <test name="WEBtest" duration-ms="10069" started-at="2019-10-22T15:12:56Z" finished-at="2019-10-22T15:13:06Z">
      <class name="MavenEX.day1.TestNG">
        <test-method status="PASS" signature="test()[pri:0, instance:MavenEX.day1.TestNG@67b6d4ae]" name="test" is-config="true" duration-ms="5027" started-at="2019-10-22T23:12:56Z" finished-at="2019-10-22T23:13:01Z">
          <reporter-output>
          </reporter-output>
        </test-method> <!-- test -->
        <test-method status="PASS" signature="testCase1()[pri:0, instance:MavenEX.day1.TestNG@67b6d4ae]" name="testCase1" duration-ms="5001" started-at="2019-10-22T23:13:01Z" finished-at="2019-10-22T23:13:06Z">
          <reporter-output>
          </reporter-output>
        </test-method> <!-- testCase1 -->
        <test-method status="PASS" signature="testCase2()[pri:0, instance:MavenEX.day1.TestNG@67b6d4ae]" name="testCase2" duration-ms="5002" started-at="2019-10-22T23:13:01Z" finished-at="2019-10-22T23:13:06Z">
          <reporter-output>
          </reporter-output>
        </test-method> <!-- testCase2 -->
      </class> <!-- MavenEX.day1.TestNG -->
    </test> <!-- WEBtest -->
  </suite> <!-- Default Suite -->
</testng-results>
